Determining if the pthread_create exist failed with the following output:
Change Dir: /home/robotica/Descargas/orb_slam_ros/build/CMakeFiles/CMakeTmp

Run Build Command:"/usr/bin/ninja" "cmTC_de8f5"
[1/2] Building C object CMakeFiles/cmTC_de8f5.dir/CheckSymbolExists.c.o
[2/2] Linking C executable cmTC_de8f5
FAILED: : && /usr/bin/cc     CMakeFiles/cmTC_de8f5.dir/CheckSymbolExists.c.o  -o cmTC_de8f5  -rdynamic && :
CMakeFiles/cmTC_de8f5.dir/CheckSymbolExists.c.o: En la función `main':
CheckSymbolExists.c:(.text+0x16): referencia a `pthread_create' sin definir
collect2: error: ld returned 1 exit status
ninja: build stopped: subcommand failed.

File /home/robotica/Descargas/orb_slam_ros/build/CMakeFiles/CMakeTmp/CheckSymbolExists.c:
/* */
#include <pthread.h>

int main(int argc, char** argv)
{
  (void)argv;
#ifndef pthread_create
  return ((int*)(&pthread_create))[argc];
#else
  (void)argc;
  return 0;
#endif
}

Determining if the function pthread_create exists in the pthreads failed with the following output:
Change Dir: /home/robotica/Descargas/orb_slam_ros/build/CMakeFiles/CMakeTmp

Run Build Command:"/usr/bin/ninja" "cmTC_3f399"
[1/2] Building C object CMakeFiles/cmTC_3f399.dir/CheckFunctionExists.c.o
[2/2] Linking C executable cmTC_3f399
FAILED: : && /usr/bin/cc  -DCHECK_FUNCTION_EXISTS=pthread_create   CMakeFiles/cmTC_3f399.dir/CheckFunctionExists.c.o  -o cmTC_3f399  -rdynamic -lpthreads && :
/usr/bin/ld: no se puede encontrar -lpthreads
collect2: error: ld returned 1 exit status
ninja: build stopped: subcommand failed.


